<?xml version="1.0" encoding="UTF-8"?>
<testsuite xmlns:xsi="http://www.w3.org/2001/XMLSchema-instance" xsi:noNamespaceSchemaLocation="https://maven.apache.org/surefire/maven-surefire-plugin/xsd/surefire-test-report-3.0.xsd" version="3.0" name="test_runner.Runner" time="1.635" tests="1" errors="0" skipped="0" failures="0">
  <properties>
    <property name="sun.desktop" value="windows"/>
    <property name="awt.toolkit" value="sun.awt.windows.WToolkit"/>
    <property name="file.encoding.pkg" value="sun.io"/>
    <property name="java.specification.version" value="1.8"/>
    <property name="sun.cpu.isalist" value="amd64"/>
    <property name="sun.jnu.encoding" value="Cp1252"/>
    <property name="java.class.path" value="D:\Venky\BDD\DemoProject\target\test-classes;D:\Venky\BDD\DemoProject\target\classes;C:\Users\Subhijith T\.m2\repository\io\cucumber\cucumber-junit\6.4.0\cucumber-junit-6.4.0.jar;C:\Users\Subhijith T\.m2\repository\org\apiguardian\apiguardian-api\1.1.0\apiguardian-api-1.1.0.jar;C:\Users\Subhijith T\.m2\repository\io\cucumber\cucumber-core\6.4.0\cucumber-core-6.4.0.jar;C:\Users\Subhijith T\.m2\repository\io\cucumber\cucumber-gherkin\6.4.0\cucumber-gherkin-6.4.0.jar;C:\Users\Subhijith T\.m2\repository\io\cucumber\cucumber-gherkin-messages\6.4.0\cucumber-gherkin-messages-6.4.0.jar;C:\Users\Subhijith T\.m2\repository\io\cucumber\messages\12.4.0\messages-12.4.0.jar;C:\Users\Subhijith T\.m2\repository\io\cucumber\tag-expressions\3.0.0\tag-expressions-3.0.0.jar;C:\Users\Subhijith T\.m2\repository\io\cucumber\cucumber-expressions\10.2.2\cucumber-expressions-10.2.2.jar;C:\Users\Subhijith T\.m2\repository\io\cucumber\datatable\3.3.1\datatable-3.3.1.jar;C:\Users\Subhijith T\.m2\repository\io\cucumber\cucumber-plugin\6.4.0\cucumber-plugin-6.4.0.jar;C:\Users\Subhijith T\.m2\repository\io\cucumber\docstring\6.4.0\docstring-6.4.0.jar;C:\Users\Subhijith T\.m2\repository\io\cucumber\html-formatter\7.2.0\html-formatter-7.2.0.jar;C:\Users\Subhijith T\.m2\repository\io\cucumber\create-meta\1.1.0\create-meta-1.1.0.jar;C:\Users\Subhijith T\.m2\repository\junit\junit\4.13\junit-4.13.jar;C:\Users\Subhijith T\.m2\repository\org\hamcrest\hamcrest-core\1.3\hamcrest-core-1.3.jar;C:\Users\Subhijith T\.m2\repository\io\cucumber\cucumber-java\6.4.0\cucumber-java-6.4.0.jar;"/>
    <property name="java.vm.vendor" value="Oracle Corporation"/>
    <property name="sun.arch.data.model" value="64"/>
    <property name="user.variant" value=""/>
    <property name="java.vendor.url" value="http://java.oracle.com/"/>
    <property name="user.timezone" value="Asia/Singapore"/>
    <property name="java.vm.specification.version" value="1.8"/>
    <property name="os.name" value="Windows 10"/>
    <property name="user.country" value="US"/>
    <property name="sun.java.launcher" value="SUN_STANDARD"/>
    <property name="sun.boot.library.path" value="C:\Program Files\Java\jdk1.8.0_66\jre\bin"/>
    <property name="sun.java.command" value="C:\Users\Subhijith T\AppData\Local\Temp\surefire2007346138510917776\surefirebooter2162153618119524678.jar C:\Users\Subhijith T\AppData\Local\Temp\surefire2007346138510917776 2020-08-16T19-01-22_531-jvmRun1 surefire1364064845323177288tmp surefire_09002952842984324012tmp"/>
    <property name="surefire.test.class.path" value="D:\Venky\BDD\DemoProject\target\test-classes;D:\Venky\BDD\DemoProject\target\classes;C:\Users\Subhijith T\.m2\repository\io\cucumber\cucumber-junit\6.4.0\cucumber-junit-6.4.0.jar;C:\Users\Subhijith T\.m2\repository\org\apiguardian\apiguardian-api\1.1.0\apiguardian-api-1.1.0.jar;C:\Users\Subhijith T\.m2\repository\io\cucumber\cucumber-core\6.4.0\cucumber-core-6.4.0.jar;C:\Users\Subhijith T\.m2\repository\io\cucumber\cucumber-gherkin\6.4.0\cucumber-gherkin-6.4.0.jar;C:\Users\Subhijith T\.m2\repository\io\cucumber\cucumber-gherkin-messages\6.4.0\cucumber-gherkin-messages-6.4.0.jar;C:\Users\Subhijith T\.m2\repository\io\cucumber\messages\12.4.0\messages-12.4.0.jar;C:\Users\Subhijith T\.m2\repository\io\cucumber\tag-expressions\3.0.0\tag-expressions-3.0.0.jar;C:\Users\Subhijith T\.m2\repository\io\cucumber\cucumber-expressions\10.2.2\cucumber-expressions-10.2.2.jar;C:\Users\Subhijith T\.m2\repository\io\cucumber\datatable\3.3.1\datatable-3.3.1.jar;C:\Users\Subhijith T\.m2\repository\io\cucumber\cucumber-plugin\6.4.0\cucumber-plugin-6.4.0.jar;C:\Users\Subhijith T\.m2\repository\io\cucumber\docstring\6.4.0\docstring-6.4.0.jar;C:\Users\Subhijith T\.m2\repository\io\cucumber\html-formatter\7.2.0\html-formatter-7.2.0.jar;C:\Users\Subhijith T\.m2\repository\io\cucumber\create-meta\1.1.0\create-meta-1.1.0.jar;C:\Users\Subhijith T\.m2\repository\junit\junit\4.13\junit-4.13.jar;C:\Users\Subhijith T\.m2\repository\org\hamcrest\hamcrest-core\1.3\hamcrest-core-1.3.jar;C:\Users\Subhijith T\.m2\repository\io\cucumber\cucumber-java\6.4.0\cucumber-java-6.4.0.jar;"/>
    <property name="sun.cpu.endian" value="little"/>
    <property name="user.home" value="C:\Users\Subhijith T"/>
    <property name="user.language" value="en"/>
    <property name="java.specification.vendor" value="Oracle Corporation"/>
    <property name="java.home" value="C:\Program Files\Java\jdk1.8.0_66\jre"/>
    <property name="basedir" value="D:\Venky\BDD\DemoProject"/>
    <property name="file.separator" value="\"/>
    <property name="line.separator" value="&#10;"/>
    <property name="java.vm.specification.vendor" value="Oracle Corporation"/>
    <property name="java.specification.name" value="Java Platform API Specification"/>
    <property name="java.awt.graphicsenv" value="sun.awt.Win32GraphicsEnvironment"/>
    <property name="surefire.real.class.path" value="C:\Users\Subhijith T\AppData\Local\Temp\surefire2007346138510917776\surefirebooter2162153618119524678.jar"/>
    <property name="sun.boot.class.path" value="C:\Program Files\Java\jdk1.8.0_66\jre\lib\resources.jar;C:\Program Files\Java\jdk1.8.0_66\jre\lib\rt.jar;C:\Program Files\Java\jdk1.8.0_66\jre\lib\sunrsasign.jar;C:\Program Files\Java\jdk1.8.0_66\jre\lib\jsse.jar;C:\Program Files\Java\jdk1.8.0_66\jre\lib\jce.jar;C:\Program Files\Java\jdk1.8.0_66\jre\lib\charsets.jar;C:\Program Files\Java\jdk1.8.0_66\jre\lib\jfr.jar;C:\Program Files\Java\jdk1.8.0_66\jre\classes"/>
    <property name="user.script" value=""/>
    <property name="sun.management.compiler" value="HotSpot 64-Bit Tiered Compilers"/>
    <property name="java.runtime.version" value="1.8.0_66-b18"/>
    <property name="user.name" value="Subhijith T"/>
    <property name="path.separator" value=";"/>
    <property name="os.version" value="10.0"/>
    <property name="java.endorsed.dirs" value="C:\Program Files\Java\jdk1.8.0_66\jre\lib\endorsed"/>
    <property name="java.runtime.name" value="Java(TM) SE Runtime Environment"/>
    <property name="file.encoding" value="Cp1252"/>
    <property name="java.vm.name" value="Java HotSpot(TM) 64-Bit Server VM"/>
    <property name="localRepository" value="C:\Users\Subhijith T\.m2\repository"/>
    <property name="java.vendor.url.bug" value="http://bugreport.sun.com/bugreport/"/>
    <property name="java.io.tmpdir" value="C:\Users\SUBHIJ~1\AppData\Local\Temp\"/>
    <property name="java.version" value="1.8.0_66"/>
    <property name="user.dir" value="D:\Venky\BDD\DemoProject"/>
    <property name="os.arch" value="amd64"/>
    <property name="java.vm.specification.name" value="Java Virtual Machine Specification"/>
    <property name="java.awt.printerjob" value="sun.awt.windows.WPrinterJob"/>
    <property name="sun.os.patch.level" value=""/>
    <property name="java.library.path" value="C:\Program Files\Java\jdk1.8.0_66\jre\bin;C:\WINDOWS\Sun\Java\bin;C:\WINDOWS\system32;C:\WINDOWS;C:\Program Files (x86)\Microsoft SDKs\Azure\CLI2\wbin;C:\Program Files (x86)\Common Files\Oracle\Java\javapath;C:\Program Files\Java\jdk1.8.0_66\bin;C:\Program Files\Git\cmd;C:\Program Files\dotnet\;C:\Program Files\Microsoft SQL Server\130\Tools\Binn\;C:\Program Files\Microsoft SQL Server\Client SDK\ODBC\170\Tools\Binn\;C:\Program Files\PuTTY\;C:\ProgramData\chocolatey\bin;C:\apache-maven-3.6.3-bin\apache-maven-3.6.3\bin;C:\Users\Subhijith T\AppData\Local\Microsoft\WindowsApps;C:\Users\Subhijith T\AppData\Local\Programs\Microsoft VS Code\bin;C:\Users\Subhijith T\.azure-kubectl;C:\Users\Subhijith T\.dotnet\tools;C:\Users\System32;;."/>
    <property name="java.vm.info" value="mixed mode"/>
    <property name="java.vendor" value="Oracle Corporation"/>
    <property name="java.vm.version" value="25.66-b18"/>
    <property name="java.ext.dirs" value="C:\Program Files\Java\jdk1.8.0_66\jre\lib\ext;C:\WINDOWS\Sun\Java\lib\ext"/>
    <property name="sun.io.unicode.encoding" value="UnicodeLittle"/>
    <property name="java.class.version" value="52.0"/>
  </properties>
  <testcase name="Test login with valid credentials" classname="Test login with valid credentials" time="0.389">
    <system-out><![CDATA[
Scenario: Test login with valid credentials                  # src/test/resources/features/BDD-T1.feature:4
Navigate to website URL..
  Given User is able to acess login page                     # step_definations.Step_Definations.user_is_able_to_acess_login_page()
validate login page..
  And user is on login page                                  # step_definations.Step_Definations.user_is_on_login_page()
Enter username and password..
  When user enters username and password                     # step_definations.Step_Definations.user_enters_username_and_password()
click on login button...
  And clicks on login button                                 # step_definations.Step_Definations.clicks_on_login_button()
user is on home page..validate home page
  And user is on home page                                   # step_definations.Step_Definations.user_is_on_home_page()
access your menu test data..
  And user access menu test data                             # step_definations.Step_Definations.user_access_menu_test_data()
User clicks on logout button..
  And user clicks on logout                                  # step_definations.Step_Definations.user_clicks_on_logout()
User logged out successfully..and user is on home page..
  Then user logged out of application and back to login page # step_definations.Step_Definations.user_logged_out_of_application_and_back_to_login_page()
]]></system-out>
  </testcase>
</testsuite>